# JRE version: OpenJDK Runtime Environment (17.0.6) (build 17.0.6+0-b2043.56-9586694)
# Java VM: OpenJDK 64-Bit Server VM (17.0.6+0-b2043.56-9586694, mixed mode, tiered, compressed oops, compressed class ptrs, g1 gc, windows-amd64)
GC Precious Log:
 CPUs: 8 total, 8 available
 Memory: 3531M
 Large Page Support: Disabled
 NUMA Support: Disabled
 Compressed Oops: Enabled (32-bit)
 Heap Region Size: 1M
 Heap Min Capacity: 8M
 Heap Initial Capacity: 56M
 Heap Max Capacity: 2G
 Pre-touch: Disabled
 Parallel Workers: 8
 Concurrent Workers: 2
 Concurrent Refinement Workers: 8
 Periodic GC: Disabled
Heap:
 garbage-first heap   total 240640K, used 130986K [0x0000000080000000, 0x0000000100000000)
  region size 1024K, 4 young (4096K), 4 survivors (4096K)
 Metaspace       used 77218K, committed 77824K, reserved 1122304K
  class space    used 10223K, committed 10496K, reserved 1048576K
GC Heap History (20 events):
Event: 61.508 GC heap after
{Heap after GC invocations=35 (full 0):
 garbage-first heap   total 157696K, used 92183K [0x0000000080000000, 0x0000000100000000)
  region size 1024K, 1 young (1024K), 1 survivors (1024K)
 Metaspace       used 49912K, committed 50432K, reserved 1097728K
  class space    used 6589K, committed 6784K, reserved 1048576K
}
Event: 64.798 GC heap before
{Heap before GC invocations=36 (full 0):
 garbage-first heap   total 173056K, used 133143K [0x0000000080000000, 0x0000000100000000)
  region size 1024K, 34 young (34816K), 1 survivors (1024K)
 Metaspace       used 53322K, committed 53888K, reserved 1097728K
  class space    used 7115K, committed 7360K, reserved 1048576K
}
Event: 64.848 GC heap after
{Heap after GC invocations=37 (full 0):
 garbage-first heap   total 173056K, used 102138K [0x0000000080000000, 0x0000000100000000)
  region size 1024K, 4 young (4096K), 4 survivors (4096K)
 Metaspace       used 53322K, committed 53888K, reserved 1097728K
  class space    used 7115K, committed 7360K, reserved 1048576K
}
Event: 66.162 GC heap before
{Heap before GC invocations=37 (full 0):
 garbage-first heap   total 173056K, used 106234K [0x0000000080000000, 0x0000000100000000)
  region size 1024K, 8 young (8192K), 4 survivors (4096K)
 Metaspace       used 53538K, committed 54080K, reserved 1097728K
  class space    used 7135K, committed 7360K, reserved 1048576K
}
Event: 66.189 GC heap after
{Heap after GC invocations=38 (full 0):
 garbage-first heap   total 207872K, used 102727K [0x0000000080000000, 0x0000000100000000)
  region size 1024K, 1 young (1024K), 1 survivors (1024K)
 Metaspace       used 53538K, committed 54080K, reserved 1097728K
  class space    used 7135K, committed 7360K, reserved 1048576K
}
Event: 69.338 GC heap before
{Heap before GC invocations=38 (full 0):
 garbage-first heap   total 207872K, used 153927K [0x0000000080000000, 0x0000000100000000)
  region size 1024K, 51 young (52224K), 1 survivors (1024K)
 Metaspace       used 56822K, committed 57408K, reserved 1105920K
  class space    used 7654K, committed 7872K, reserved 1048576K
}
Event: 69.450 GC heap after
{Heap after GC invocations=39 (full 0):
 garbage-first heap   total 207872K, used 105350K [0x0000000080000000, 0x0000000100000000)
  region size 1024K, 4 young (4096K), 4 survivors (4096K)
 Metaspace       used 56822K, committed 57408K, reserved 1105920K
  class space    used 7654K, committed 7872K, reserved 1048576K
}
Event: 93.174 GC heap before
{Heap before GC invocations=40 (full 0):
 garbage-first heap   total 207872K, used 170886K [0x0000000080000000, 0x0000000100000000)
  region size 1024K, 61 young (62464K), 4 survivors (4096K)
 Metaspace       used 59937K, committed 60480K, reserved 1105920K
  class space    used 8016K, committed 8256K, reserved 1048576K
}
Event: 93.390 GC heap after
{Heap after GC invocations=41 (full 0):
 garbage-first heap   total 207872K, used 120334K [0x0000000080000000, 0x0000000100000000)
  region size 1024K, 8 young (8192K), 8 survivors (8192K)
 Metaspace       used 59937K, committed 60480K, reserved 1105920K
  class space    used 8016K, committed 8256K, reserved 1048576K
}
Event: 93.697 GC heap before
{Heap before GC invocations=41 (full 0):
 garbage-first heap   total 207872K, used 121358K [0x0000000080000000, 0x0000000100000000)
  region size 1024K, 10 young (10240K), 8 survivors (8192K)
 Metaspace       used 60164K, committed 60736K, reserved 1105920K
  class space    used 8053K, committed 8320K, reserved 1048576K
}
Event: 93.761 GC heap after
{Heap after GC invocations=42 (full 0):
 garbage-first heap   total 207872K, used 120991K [0x0000000080000000, 0x0000000100000000)
  region size 1024K, 1 young (1024K), 1 survivors (1024K)
 Metaspace       used 60164K, committed 60736K, reserved 1105920K
  class space    used 8053K, committed 8320K, reserved 1048576K
}
Event: 97.788 GC heap before
{Heap before GC invocations=42 (full 0):
 garbage-first heap   total 207872K, used 169119K [0x0000000080000000, 0x0000000100000000)
  region size 1024K, 48 young (49152K), 1 survivors (1024K)
 Metaspace       used 68408K, committed 68992K, reserved 1114112K
  class space    used 9097K, committed 9344K, reserved 1048576K
}
Event: 97.811 GC heap after
{Heap after GC invocations=43 (full 0):
 garbage-first heap   total 207872K, used 122714K [0x0000000080000000, 0x0000000100000000)
  region size 1024K, 3 young (3072K), 3 survivors (3072K)
 Metaspace       used 68408K, committed 68992K, reserved 1114112K
  class space    used 9097K, committed 9344K, reserved 1048576K
}
Event: 98.179 GC heap before
{Heap before GC invocations=43 (full 0):
 garbage-first heap   total 207872K, used 129882K [0x0000000080000000, 0x0000000100000000)
  region size 1024K, 11 young (11264K), 3 survivors (3072K)
 Metaspace       used 70052K, committed 70720K, reserved 1114112K
  class space    used 9293K, committed 9536K, reserved 1048576K
}
Event: 98.196 GC heap after
{Heap after GC invocations=44 (full 0):
 garbage-first heap   total 207872K, used 124181K [0x0000000080000000, 0x0000000100000000)
  region size 1024K, 4 young (4096K), 4 survivors (4096K)
 Metaspace       used 70052K, committed 70720K, reserved 1114112K
  class space    used 9293K, committed 9536K, reserved 1048576K
}
Event: 100.221 GC heap before
{Heap before GC invocations=45 (full 0):
 garbage-first heap   total 240640K, used 176405K [0x0000000080000000, 0x0000000100000000)
  region size 1024K, 49 young (50176K), 4 survivors (4096K)
 Metaspace       used 73265K, committed 73856K, reserved 1114112K
  class space    used 9712K, committed 9984K, reserved 1048576K
}
Event: 100.353 GC heap after
{Heap after GC invocations=46 (full 0):
 garbage-first heap   total 240640K, used 127962K [0x0000000080000000, 0x0000000100000000)
  region size 1024K, 6 young (6144K), 6 survivors (6144K)
 Metaspace       used 73265K, committed 73856K, reserved 1114112K
  class space    used 9712K, committed 9984K, reserved 1048576K
}
Event: 100.834 GC heap before
{Heap before GC invocations=46 (full 0):
 garbage-first heap   total 240640K, used 133082K [0x0000000080000000, 0x0000000100000000)
  region size 1024K, 11 young (11264K), 6 survivors (6144K)
 Metaspace       used 73720K, committed 74304K, reserved 1114112K
  class space    used 9751K, committed 9984K, reserved 1048576K
}
Event: 100.855 GC heap after
{Heap after GC invocations=47 (full 0):
 garbage-first heap   total 240640K, used 129608K [0x0000000080000000, 0x0000000100000000)
  region size 1024K, 2 young (2048K), 2 survivors (2048K)
 Metaspace       used 73720K, committed 74304K, reserved 1114112K
  class space    used 9751K, committed 9984K, reserved 1048576K
}
Event: 103.834 GC heap before
{Heap before GC invocations=47 (full 0):
 garbage-first heap   total 240640K, used 190024K [0x0000000080000000, 0x0000000100000000)
  region size 1024K, 61 young (62464K), 2 survivors (2048K)
 Metaspace       used 77218K, committed 77824K, reserved 1122304K
  class space    used 10223K, committed 10496K, reserved 1048576K
}

