# JRE version: OpenJDK Runtime Environment (17.0.6) (build 17.0.6+0-b2043.56-9586694)
# Java VM: OpenJDK 64-Bit Server VM (17.0.6+0-b2043.56-9586694, mixed mode, tiered, compressed oops, compressed class ptrs, g1 gc, windows-amd64)
GC Precious Log:
 CPUs: 8 total, 8 available
 Memory: 3531M
 Large Page Support: Disabled
 NUMA Support: Disabled
 Compressed Oops: Enabled (32-bit)
 Heap Region Size: 1M
 Heap Min Capacity: 8M
 Heap Initial Capacity: 56M
 Heap Max Capacity: 2G
 Pre-touch: Disabled
 Parallel Workers: 8
 Concurrent Workers: 2
 Concurrent Refinement Workers: 8
 Periodic GC: Disabled
Heap:
 garbage-first heap   total 224256K, used 134186K [0x0000000080000000, 0x0000000100000000)
  region size 1024K, 1 young (1024K), 1 survivors (1024K)
 Metaspace       used 77929K, committed 78592K, reserved 1122304K
  class space    used 10463K, committed 10752K, reserved 1048576K
GC Heap History (20 events):
Event: 23.314 GC heap after
{Heap after GC invocations=35 (full 0):
 garbage-first heap   total 158720K, used 100493K [0x0000000080000000, 0x0000000100000000)
  region size 1024K, 2 young (2048K), 2 survivors (2048K)
 Metaspace       used 49988K, committed 50432K, reserved 1097728K
  class space    used 6604K, committed 6784K, reserved 1048576K
}
Event: 23.717 GC heap before
{Heap before GC invocations=35 (full 0):
 garbage-first heap   total 158720K, used 105613K [0x0000000080000000, 0x0000000100000000)
  region size 1024K, 7 young (7168K), 2 survivors (2048K)
 Metaspace       used 50556K, committed 51136K, reserved 1097728K
  class space    used 6695K, committed 6976K, reserved 1048576K
}
Event: 23.743 GC heap after
{Heap after GC invocations=36 (full 0):
 garbage-first heap   total 158720K, used 100597K [0x0000000080000000, 0x0000000100000000)
  region size 1024K, 1 young (1024K), 1 survivors (1024K)
 Metaspace       used 50556K, committed 51136K, reserved 1097728K
  class space    used 6695K, committed 6976K, reserved 1048576K
}
Event: 25.623 GC heap before
{Heap before GC invocations=36 (full 0):
 garbage-first heap   total 158720K, used 124149K [0x0000000080000000, 0x0000000100000000)
  region size 1024K, 24 young (24576K), 1 survivors (1024K)
 Metaspace       used 53136K, committed 53696K, reserved 1097728K
  class space    used 7100K, committed 7360K, reserved 1048576K
}
Event: 25.653 GC heap after
{Heap after GC invocations=37 (full 0):
 garbage-first heap   total 206848K, used 102015K [0x0000000080000000, 0x0000000100000000)
  region size 1024K, 2 young (2048K), 2 survivors (2048K)
 Metaspace       used 53136K, committed 53696K, reserved 1097728K
  class space    used 7100K, committed 7360K, reserved 1048576K
}
Event: 31.282 GC heap before
{Heap before GC invocations=38 (full 0):
 garbage-first heap   total 206848K, used 159359K [0x0000000080000000, 0x0000000100000000)
  region size 1024K, 51 young (52224K), 2 survivors (2048K)
 Metaspace       used 55294K, committed 55936K, reserved 1097728K
  class space    used 7343K, committed 7616K, reserved 1048576K
}
Event: 31.363 GC heap after
{Heap after GC invocations=39 (full 0):
 garbage-first heap   total 206848K, used 117361K [0x0000000080000000, 0x0000000100000000)
  region size 1024K, 7 young (7168K), 7 survivors (7168K)
 Metaspace       used 55294K, committed 55936K, reserved 1097728K
  class space    used 7343K, committed 7616K, reserved 1048576K
}
Event: 32.022 GC heap before
{Heap before GC invocations=39 (full 0):
 garbage-first heap   total 206848K, used 119409K [0x0000000080000000, 0x0000000100000000)
  region size 1024K, 10 young (10240K), 7 survivors (7168K)
 Metaspace       used 55645K, committed 56256K, reserved 1097728K
  class space    used 7409K, committed 7680K, reserved 1048576K
}
Event: 32.098 GC heap after
{Heap after GC invocations=40 (full 0):
 garbage-first heap   total 206848K, used 117901K [0x0000000080000000, 0x0000000100000000)
  region size 1024K, 1 young (1024K), 1 survivors (1024K)
 Metaspace       used 55645K, committed 56256K, reserved 1097728K
  class space    used 7409K, committed 7680K, reserved 1048576K
}
Event: 37.422 GC heap before
{Heap before GC invocations=40 (full 0):
 garbage-first heap   total 206848K, used 161933K [0x0000000080000000, 0x0000000100000000)
  region size 1024K, 44 young (45056K), 1 survivors (1024K)
 Metaspace       used 63387K, committed 64000K, reserved 1105920K
  class space    used 8367K, committed 8640K, reserved 1048576K
}
Event: 37.460 GC heap after
{Heap after GC invocations=41 (full 0):
 garbage-first heap   total 206848K, used 119667K [0x0000000080000000, 0x0000000100000000)
  region size 1024K, 3 young (3072K), 3 survivors (3072K)
 Metaspace       used 63387K, committed 64000K, reserved 1105920K
  class space    used 8367K, committed 8640K, reserved 1048576K
}
Event: 40.077 GC heap before
{Heap before GC invocations=41 (full 0):
 garbage-first heap   total 206848K, used 170867K [0x0000000080000000, 0x0000000100000000)
  region size 1024K, 47 young (48128K), 3 survivors (3072K)
 Metaspace       used 67612K, committed 68288K, reserved 1114112K
  class space    used 8890K, committed 9216K, reserved 1048576K
}
Event: 40.131 GC heap after
{Heap after GC invocations=42 (full 0):
 garbage-first heap   total 206848K, used 124103K [0x0000000080000000, 0x0000000100000000)
  region size 1024K, 6 young (6144K), 6 survivors (6144K)
 Metaspace       used 67612K, committed 68288K, reserved 1114112K
  class space    used 8890K, committed 9216K, reserved 1048576K
}
Event: 44.500 GC heap before
{Heap before GC invocations=42 (full 0):
 garbage-first heap   total 206848K, used 167111K [0x0000000080000000, 0x0000000100000000)
  region size 1024K, 48 young (49152K), 6 survivors (6144K)
 Metaspace       used 71833K, committed 72512K, reserved 1114112K
  class space    used 9430K, committed 9728K, reserved 1048576K
}
Event: 44.570 GC heap after
{Heap after GC invocations=43 (full 0):
 garbage-first heap   total 206848K, used 127230K [0x0000000080000000, 0x0000000100000000)
  region size 1024K, 3 young (3072K), 3 survivors (3072K)
 Metaspace       used 71833K, committed 72512K, reserved 1114112K
  class space    used 9430K, committed 9728K, reserved 1048576K
}
Event: 47.062 GC heap before
{Heap before GC invocations=43 (full 0):
 garbage-first heap   total 206848K, used 169214K [0x0000000080000000, 0x0000000100000000)
  region size 1024K, 44 young (45056K), 3 survivors (3072K)
 Metaspace       used 72296K, committed 73024K, reserved 1114112K
  class space    used 9483K, committed 9792K, reserved 1048576K
}
Event: 47.124 GC heap after
{Heap after GC invocations=44 (full 0):
 garbage-first heap   total 206848K, used 131072K [0x0000000080000000, 0x0000000100000000)
  region size 1024K, 6 young (6144K), 6 survivors (6144K)
 Metaspace       used 72296K, committed 73024K, reserved 1114112K
  class space    used 9483K, committed 9792K, reserved 1048576K
}
Event: 51.697 GC heap before
{Heap before GC invocations=45 (full 0):
 garbage-first heap   total 224256K, used 169984K [0x0000000080000000, 0x0000000100000000)
  region size 1024K, 44 young (45056K), 6 survivors (6144K)
 Metaspace       used 77113K, committed 77824K, reserved 1122304K
  class space    used 10341K, committed 10624K, reserved 1048576K
}
Event: 51.776 GC heap after
{Heap after GC invocations=46 (full 0):
 garbage-first heap   total 224256K, used 133748K [0x0000000080000000, 0x0000000100000000)
  region size 1024K, 3 young (3072K), 3 survivors (3072K)
 Metaspace       used 77113K, committed 77824K, reserved 1122304K
  class space    used 10341K, committed 10624K, reserved 1048576K
}
Event: 52.328 GC heap before
{Heap before GC invocations=46 (full 0):
 garbage-first heap   total 224256K, used 140916K [0x0000000080000000, 0x0000000100000000)
  region size 1024K, 10 young (10240K), 3 survivors (3072K)
 Metaspace       used 77929K, committed 78592K, reserved 1122304K
  class space    used 10463K, committed 10752K, reserved 1048576K
}

